This file contains any messages produced by compilers while
running configure, to aid debugging if configure makes a mistake.

It was created by tile configure 0.8.2, which was
generated by GNU Autoconf 2.59.  Invocation command line was

  $ ./configure 

## --------- ##
## Platform. ##
## --------- ##

hostname = you
uname -m = i686
uname -r = 2.6.27-gentoo-r8
uname -s = Linux
uname -v = #4 SMP Wed Feb 11 23:50:54 PST 2009

/usr/bin/uname -p = Intel(R) Core(TM)2 CPU T5500 @ 1.66GHz
/bin/uname -X     = unknown

/bin/arch              = unknown
/usr/bin/arch -k       = unknown
/usr/convex/getsysinfo = unknown
hostinfo               = unknown
/bin/machine           = unknown
/usr/bin/oslevel       = unknown
/bin/universe          = unknown

PATH: /home/scott/bin/
PATH: /usr/local/bin
PATH: /usr/bin
PATH: /bin
PATH: /opt/bin
PATH: /usr/i486-pc-linux-gnu/gcc-bin/4.1.2
PATH: /usr/i686-pc-linux-gnu/gcc-bin/4.1.2
PATH: /usr/qt/3/bin
PATH: /sbin


## ----------- ##
## Core tests. ##
## ----------- ##

configure:1358: checking for correct TEA configuration
configure:1377: result: ok (TEA 3.6)
configure:1472: checking for Tcl configuration
configure:1588: result: found /usr/lib/tclConfig.sh
configure:1594: checking for existence of /usr/lib/tclConfig.sh
configure:1598: result: loading
configure:1684: checking for Tk configuration
configure:1800: result: found /usr/lib/tkConfig.sh
configure:1806: checking for existence of /usr/lib/tkConfig.sh
configure:1810: result: loading
configure:1901: --prefix defaulting to TCL_PREFIX /usr
configure:1913: --exec-prefix defaulting to TCL_EXEC_PREFIX /usr
configure:1980: checking for gcc
configure:1996: found /usr/bin/gcc
configure:2006: result: gcc
configure:2250: checking for C compiler version
configure:2253: gcc --version </dev/null >&5
gcc (GCC) 4.1.2 (Gentoo 4.1.2 p1.3)
Copyright (C) 2006 Free Software Foundation, Inc.
This is free software; see the source for copying conditions.  There is NO
warranty; not even for MERCHANTABILITY or FITNESS FOR A PARTICULAR PURPOSE.

configure:2256: $? = 0
configure:2258: gcc -v </dev/null >&5
Using built-in specs.
Target: i686-pc-linux-gnu
Configured with: /var/tmp/portage/sys-devel/gcc-4.1.2/work/gcc-4.1.2/configure --prefix=/usr --bindir=/usr/i686-pc-linux-gnu/gcc-bin/4.1.2 --includedir=/usr/lib/gcc/i686-pc-linux-gnu/4.1.2/include --datadir=/usr/share/gcc-data/i686-pc-linux-gnu/4.1.2 --mandir=/usr/share/gcc-data/i686-pc-linux-gnu/4.1.2/man --infodir=/usr/share/gcc-data/i686-pc-linux-gnu/4.1.2/info --with-gxx-include-dir=/usr/lib/gcc/i686-pc-linux-gnu/4.1.2/include/g++-v4 --host=i686-pc-linux-gnu --build=i686-pc-linux-gnu --disable-altivec --enable-nls --without-included-gettext --with-system-zlib --disable-checking --disable-werror --enable-secureplt --disable-multilib --enable-libmudflap --disable-libssp --disable-libgcj --with-arch=i686 --enable-languages=c,c++,treelang,fortran --enable-shared --enable-threads=posix --enable-__cxa_atexit --enable-clocale=gnu
Thread model: posix
gcc version 4.1.2 (Gentoo 4.1.2 p1.3)
configure:2261: $? = 0
configure:2263: gcc -V </dev/null >&5
gcc: '-V' option must have argument
configure:2266: $? = 1
configure:2289: checking for C compiler default output file name
configure:2292: gcc    conftest.c  >&5
configure:2295: $? = 0
configure:2341: result: a.out
configure:2346: checking whether the C compiler works
configure:2352: ./a.out
configure:2355: $? = 0
configure:2372: result: yes
configure:2379: checking whether we are cross compiling
configure:2381: result: no
configure:2384: checking for suffix of executables
configure:2386: gcc -o conftest    conftest.c  >&5
configure:2389: $? = 0
configure:2414: result: 
configure:2420: checking for suffix of object files
configure:2441: gcc -c   conftest.c >&5
configure:2444: $? = 0
configure:2466: result: o
configure:2470: checking whether we are using the GNU C compiler
configure:2494: gcc -c   conftest.c >&5
configure:2500: $? = 0
configure:2504: test -z 
			 || test ! -s conftest.err
configure:2507: $? = 0
configure:2510: test -s conftest.o
configure:2513: $? = 0
configure:2526: result: yes
configure:2532: checking whether gcc accepts -g
configure:2553: gcc -c -g  conftest.c >&5
configure:2559: $? = 0
configure:2563: test -z 
			 || test ! -s conftest.err
configure:2566: $? = 0
configure:2569: test -s conftest.o
configure:2572: $? = 0
configure:2583: result: yes
configure:2600: checking for gcc option to accept ANSI C
configure:2670: gcc  -c   conftest.c >&5
configure:2676: $? = 0
configure:2680: test -z 
			 || test ! -s conftest.err
configure:2683: $? = 0
configure:2686: test -s conftest.o
configure:2689: $? = 0
configure:2707: result: none needed
configure:2725: gcc -c   conftest.c >&5
conftest.c:2: error: expected '=', ',', ';', 'asm' or '__attribute__' before 'me'
configure:2731: $? = 1
configure: failed program was:
| #ifndef __cplusplus
|   choke me
| #endif
configure:2869: checking how to run the C preprocessor
configure:2904: gcc -E  conftest.c
configure:2910: $? = 0
configure:2942: gcc -E  conftest.c
conftest.c:9:28: error: ac_nonexistent.h: No such file or directory
configure:2948: $? = 1
configure: failed program was:
| /* confdefs.h.  */
| 
| #define PACKAGE_NAME "tile"
| #define PACKAGE_TARNAME "tile"
| #define PACKAGE_VERSION "0.8.2"
| #define PACKAGE_STRING "tile 0.8.2"
| #define PACKAGE_BUGREPORT ""
| /* end confdefs.h.  */
| #include <ac_nonexistent.h>
configure:2987: result: gcc -E
configure:3011: gcc -E  conftest.c
configure:3017: $? = 0
configure:3049: gcc -E  conftest.c
conftest.c:9:28: error: ac_nonexistent.h: No such file or directory
configure:3055: $? = 1
configure: failed program was:
| /* confdefs.h.  */
| 
| #define PACKAGE_NAME "tile"
| #define PACKAGE_TARNAME "tile"
| #define PACKAGE_VERSION "0.8.2"
| #define PACKAGE_STRING "tile 0.8.2"
| #define PACKAGE_BUGREPORT ""
| /* end confdefs.h.  */
| #include <ac_nonexistent.h>
configure:3112: checking for a BSD-compatible install
configure:3167: result: /usr/bin/install -c
configure:3183: checking whether make sets $(MAKE)
configure:3203: result: yes
configure:3258: checking for ranlib
configure:3274: found /usr/bin/ranlib
configure:3285: result: ranlib
configure:3307: checking for egrep
configure:3317: result: grep -E
configure:3322: checking for ANSI C header files
configure:3347: gcc -c   conftest.c >&5
configure:3353: $? = 0
configure:3357: test -z 
			 || test ! -s conftest.err
configure:3360: $? = 0
configure:3363: test -s conftest.o
configure:3366: $? = 0
configure:3455: gcc -o conftest    conftest.c  >&5
conftest.c: In function 'main':
conftest.c:26: warning: incompatible implicit declaration of built-in function 'exit'
configure:3458: $? = 0
configure:3460: ./conftest
configure:3463: $? = 0
configure:3478: result: yes
configure:3502: checking for sys/types.h
configure:3518: gcc -c   conftest.c >&5
configure:3524: $? = 0
configure:3528: test -z 
			 || test ! -s conftest.err
configure:3531: $? = 0
configure:3534: test -s conftest.o
configure:3537: $? = 0
configure:3548: result: yes
configure:3502: checking for sys/stat.h
configure:3518: gcc -c   conftest.c >&5
configure:3524: $? = 0
configure:3528: test -z 
			 || test ! -s conftest.err
configure:3531: $? = 0
configure:3534: test -s conftest.o
configure:3537: $? = 0
configure:3548: result: yes
configure:3502: checking for stdlib.h
configure:3518: gcc -c   conftest.c >&5
configure:3524: $? = 0
configure:3528: test -z 
			 || test ! -s conftest.err
configure:3531: $? = 0
configure:3534: test -s conftest.o
configure:3537: $? = 0
configure:3548: result: yes
configure:3502: checking for string.h
configure:3518: gcc -c   conftest.c >&5
configure:3524: $? = 0
configure:3528: test -z 
			 || test ! -s conftest.err
configure:3531: $? = 0
configure:3534: test -s conftest.o
configure:3537: $? = 0
configure:3548: result: yes
configure:3502: checking for memory.h
configure:3518: gcc -c   conftest.c >&5
configure:3524: $? = 0
configure:3528: test -z 
			 || test ! -s conftest.err
configure:3531: $? = 0
configure:3534: test -s conftest.o
configure:3537: $? = 0
configure:3548: result: yes
configure:3502: checking for strings.h
configure:3518: gcc -c   conftest.c >&5
configure:3524: $? = 0
configure:3528: test -z 
			 || test ! -s conftest.err
configure:3531: $? = 0
configure:3534: test -s conftest.o
configure:3537: $? = 0
configure:3548: result: yes
configure:3502: checking for inttypes.h
configure:3518: gcc -c   conftest.c >&5
configure:3524: $? = 0
configure:3528: test -z 
			 || test ! -s conftest.err
configure:3531: $? = 0
configure:3534: test -s conftest.o
configure:3537: $? = 0
configure:3548: result: yes
configure:3502: checking for stdint.h
configure:3518: gcc -c   conftest.c >&5
configure:3524: $? = 0
configure:3528: test -z 
			 || test ! -s conftest.err
configure:3531: $? = 0
configure:3534: test -s conftest.o
configure:3537: $? = 0
configure:3548: result: yes
configure:3502: checking for unistd.h
configure:3518: gcc -c   conftest.c >&5
configure:3524: $? = 0
configure:3528: test -z 
			 || test ! -s conftest.err
configure:3531: $? = 0
configure:3534: test -s conftest.o
configure:3537: $? = 0
configure:3548: result: yes
configure:3570: checking if the compiler understands -pipe
configure:3593: gcc -c  -pipe  conftest.c >&5
configure:3599: $? = 0
configure:3603: test -z 
			 || test ! -s conftest.err
configure:3606: $? = 0
configure:3609: test -s conftest.o
configure:3612: $? = 0
configure:3624: result: yes
configure:3635: checking whether byte ordering is bigendian
configure:3662: gcc -c  -pipe  conftest.c >&5
configure:3668: $? = 0
configure:3672: test -z 
			 || test ! -s conftest.err
configure:3675: $? = 0
configure:3678: test -s conftest.o
configure:3681: $? = 0
configure:3705: gcc -c  -pipe  conftest.c >&5
conftest.c: In function 'main':
conftest.c:26: error: 'not' undeclared (first use in this function)
conftest.c:26: error: (Each undeclared identifier is reported only once
conftest.c:26: error: for each function it appears in.)
conftest.c:26: error: expected ';' before 'big'
configure:3711: $? = 1
configure: failed program was:
| /* confdefs.h.  */
| 
| #define PACKAGE_NAME "tile"
| #define PACKAGE_TARNAME "tile"
| #define PACKAGE_VERSION "0.8.2"
| #define PACKAGE_STRING "tile 0.8.2"
| #define PACKAGE_BUGREPORT ""
| #define STDC_HEADERS 1
| #define HAVE_SYS_TYPES_H 1
| #define HAVE_SYS_STAT_H 1
| #define HAVE_STDLIB_H 1
| #define HAVE_STRING_H 1
| #define HAVE_MEMORY_H 1
| #define HAVE_STRINGS_H 1
| #define HAVE_INTTYPES_H 1
| #define HAVE_STDINT_H 1
| #define HAVE_UNISTD_H 1
| /* end confdefs.h.  */
| #include <sys/types.h>
| #include <sys/param.h>
| 
| int
| main ()
| {
| #if BYTE_ORDER != BIG_ENDIAN
|  not big endian
| #endif
| 
|   ;
|   return 0;
| }
configure:3846: result: no
configure:3874: checking for sin
configure:3931: gcc -o conftest  -pipe   conftest.c  >&5
conftest.c:43: warning: conflicting types for built-in function 'sin'
/tmp/cczGxbnT.o: In function `main':
conftest.c:(.text+0x14): undefined reference to `sin'
/tmp/cczGxbnT.o:(.data+0x0): undefined reference to `sin'
collect2: ld returned 1 exit status
configure:3937: $? = 1
configure: failed program was:
| /* confdefs.h.  */
| 
| #define PACKAGE_NAME "tile"
| #define PACKAGE_TARNAME "tile"
| #define PACKAGE_VERSION "0.8.2"
| #define PACKAGE_STRING "tile 0.8.2"
| #define PACKAGE_BUGREPORT ""
| #define STDC_HEADERS 1
| #define HAVE_SYS_TYPES_H 1
| #define HAVE_SYS_STAT_H 1
| #define HAVE_STDLIB_H 1
| #define HAVE_STRING_H 1
| #define HAVE_MEMORY_H 1
| #define HAVE_STRINGS_H 1
| #define HAVE_INTTYPES_H 1
| #define HAVE_STDINT_H 1
| #define HAVE_UNISTD_H 1
| /* end confdefs.h.  */
| /* Define sin to an innocuous variant, in case <limits.h> declares sin.
|    For example, HP-UX 11i <limits.h> declares gettimeofday.  */
| #define sin innocuous_sin
| 
| /* System header to define __stub macros and hopefully few prototypes,
|     which can conflict with char sin (); below.
|     Prefer <limits.h> to <assert.h> if __STDC__ is defined, since
|     <limits.h> exists even on freestanding compilers.  */
| 
| #ifdef __STDC__
| # include <limits.h>
| #else
| # include <assert.h>
| #endif
| 
| #undef sin
| 
| /* Override any gcc2 internal prototype to avoid an error.  */
| #ifdef __cplusplus
| extern "C"
| {
| #endif
| /* We use char because int might match the return type of a gcc2
|    builtin and then its argument prototype would still apply.  */
| char sin ();
| /* The GNU C library defines this for functions which it implements
|     to always fail with ENOSYS.  Some functions are actually named
|     something starting with __ and the normal name is an alias.  */
| #if defined (__stub_sin) || defined (__stub___sin)
| choke me
| #else
| char (*f) () = sin;
| #endif
| #ifdef __cplusplus
| }
| #endif
| 
| int
| main ()
| {
| return f != sin;
|   ;
|   return 0;
| }
configure:3962: result: no
configure:3970: checking for main in -lieee
configure:3994: gcc -o conftest  -pipe   conftest.c -lieee   >&5
configure:4000: $? = 0
configure:4004: test -z 
			 || test ! -s conftest.err
configure:4007: $? = 0
configure:4010: test -s conftest
configure:4013: $? = 0
configure:4026: result: yes
configure:4038: checking for main in -linet
configure:4062: gcc -o conftest  -pipe   conftest.c -linet   >&5
/usr/lib/gcc/i686-pc-linux-gnu/4.1.2/../../../../i686-pc-linux-gnu/bin/ld: cannot find -linet
collect2: ld returned 1 exit status
configure:4068: $? = 1
configure: failed program was:
| /* confdefs.h.  */
| 
| #define PACKAGE_NAME "tile"
| #define PACKAGE_TARNAME "tile"
| #define PACKAGE_VERSION "0.8.2"
| #define PACKAGE_STRING "tile 0.8.2"
| #define PACKAGE_BUGREPORT ""
| #define STDC_HEADERS 1
| #define HAVE_SYS_TYPES_H 1
| #define HAVE_SYS_STAT_H 1
| #define HAVE_STDLIB_H 1
| #define HAVE_STRING_H 1
| #define HAVE_MEMORY_H 1
| #define HAVE_STRINGS_H 1
| #define HAVE_INTTYPES_H 1
| #define HAVE_STDINT_H 1
| #define HAVE_UNISTD_H 1
| /* end confdefs.h.  */
| 
| 
| int
| main ()
| {
| main ();
|   ;
|   return 0;
| }
configure:4094: result: no
configure:4110: checking net/errno.h usability
configure:4122: gcc -c  -pipe  conftest.c >&5
conftest.c:53:23: error: net/errno.h: No such file or directory
configure:4128: $? = 1
configure: failed program was:
| /* confdefs.h.  */
| 
| #define PACKAGE_NAME "tile"
| #define PACKAGE_TARNAME "tile"
| #define PACKAGE_VERSION "0.8.2"
| #define PACKAGE_STRING "tile 0.8.2"
| #define PACKAGE_BUGREPORT ""
| #define STDC_HEADERS 1
| #define HAVE_SYS_TYPES_H 1
| #define HAVE_SYS_STAT_H 1
| #define HAVE_STDLIB_H 1
| #define HAVE_STRING_H 1
| #define HAVE_MEMORY_H 1
| #define HAVE_STRINGS_H 1
| #define HAVE_INTTYPES_H 1
| #define HAVE_STDINT_H 1
| #define HAVE_UNISTD_H 1
| /* end confdefs.h.  */
| #include <stdio.h>
| #if HAVE_SYS_TYPES_H
| # include <sys/types.h>
| #endif
| #if HAVE_SYS_STAT_H
| # include <sys/stat.h>
| #endif
| #if STDC_HEADERS
| # include <stdlib.h>
| # include <stddef.h>
| #else
| # if HAVE_STDLIB_H
| #  include <stdlib.h>
| # endif
| #endif
| #if HAVE_STRING_H
| # if !STDC_HEADERS && HAVE_MEMORY_H
| #  include <memory.h>
| # endif
| # include <string.h>
| #endif
| #if HAVE_STRINGS_H
| # include <strings.h>
| #endif
| #if HAVE_INTTYPES_H
| # include <inttypes.h>
| #else
| # if HAVE_STDINT_H
| #  include <stdint.h>
| # endif
| #endif
| #if HAVE_UNISTD_H
| # include <unistd.h>
| #endif
| #include <net/errno.h>
configure:4151: result: no
configure:4155: checking net/errno.h presence
configure:4165: gcc -E  conftest.c
conftest.c:19:23: error: net/errno.h: No such file or directory
configure:4171: $? = 1
configure: failed program was:
| /* confdefs.h.  */
| 
| #define PACKAGE_NAME "tile"
| #define PACKAGE_TARNAME "tile"
| #define PACKAGE_VERSION "0.8.2"
| #define PACKAGE_STRING "tile 0.8.2"
| #define PACKAGE_BUGREPORT ""
| #define STDC_HEADERS 1
| #define HAVE_SYS_TYPES_H 1
| #define HAVE_SYS_STAT_H 1
| #define HAVE_STDLIB_H 1
| #define HAVE_STRING_H 1
| #define HAVE_MEMORY_H 1
| #define HAVE_STRINGS_H 1
| #define HAVE_INTTYPES_H 1
| #define HAVE_STDINT_H 1
| #define HAVE_UNISTD_H 1
| /* end confdefs.h.  */
| #include <net/errno.h>
configure:4191: result: no
configure:4226: checking for net/errno.h
configure:4233: result: no
configure:4267: checking for connect
configure:4324: gcc -o conftest  -pipe   conftest.c  >&5
configure:4330: $? = 0
configure:4334: test -z 
			 || test ! -s conftest.err
configure:4337: $? = 0
configure:4340: test -s conftest
configure:4343: $? = 0
configure:4355: result: yes
configure:4630: checking for gethostbyname
configure:4687: gcc -o conftest  -pipe   conftest.c  >&5
configure:4693: $? = 0
configure:4697: test -z 
			 || test ! -s conftest.err
configure:4700: $? = 0
configure:4703: test -s conftest
configure:4706: $? = 0
configure:4718: result: yes
configure:4802: checking dirent.h
configure:4843: gcc -o conftest  -pipe   conftest.c  >&5
configure:4849: $? = 0
configure:4853: test -z 
			 || test ! -s conftest.err
configure:4856: $? = 0
configure:4859: test -s conftest
configure:4862: $? = 0
configure:4874: result: yes
configure:4896: checking errno.h usability
configure:4908: gcc -c  -pipe  conftest.c >&5
configure:4914: $? = 0
configure:4918: test -z 
			 || test ! -s conftest.err
configure:4921: $? = 0
configure:4924: test -s conftest.o
configure:4927: $? = 0
configure:4937: result: yes
configure:4941: checking errno.h presence
configure:4951: gcc -E  conftest.c
configure:4957: $? = 0
configure:4977: result: yes
configure:5012: checking for errno.h
configure:5019: result: yes
configure:5044: checking float.h usability
configure:5056: gcc -c  -pipe  conftest.c >&5
configure:5062: $? = 0
configure:5066: test -z 
			 || test ! -s conftest.err
configure:5069: $? = 0
configure:5072: test -s conftest.o
configure:5075: $? = 0
configure:5085: result: yes
configure:5089: checking float.h presence
configure:5099: gcc -E  conftest.c
configure:5105: $? = 0
configure:5125: result: yes
configure:5160: checking for float.h
configure:5167: result: yes
configure:5192: checking values.h usability
configure:5204: gcc -c  -pipe  conftest.c >&5
configure:5210: $? = 0
configure:5214: test -z 
			 || test ! -s conftest.err
configure:5217: $? = 0
configure:5220: test -s conftest.o
configure:5223: $? = 0
configure:5233: result: yes
configure:5237: checking values.h presence
configure:5247: gcc -E  conftest.c
configure:5253: $? = 0
configure:5273: result: yes
configure:5308: checking for values.h
configure:5315: result: yes
configure:5340: checking limits.h usability
configure:5352: gcc -c  -pipe  conftest.c >&5
configure:5358: $? = 0
configure:5362: test -z 
			 || test ! -s conftest.err
configure:5365: $? = 0
configure:5368: test -s conftest.o
configure:5371: $? = 0
configure:5381: result: yes
configure:5385: checking limits.h presence
configure:5395: gcc -E  conftest.c
configure:5401: $? = 0
configure:5421: result: yes
configure:5456: checking for limits.h
configure:5463: result: yes
configure:5483: checking for stdlib.h
configure:5488: result: yes
configure:5685: checking for string.h
configure:5690: result: yes
configure:5884: checking sys/wait.h usability
configure:5896: gcc -c  -pipe  conftest.c >&5
configure:5902: $? = 0
configure:5906: test -z 
			 || test ! -s conftest.err
configure:5909: $? = 0
configure:5912: test -s conftest.o
configure:5915: $? = 0
configure:5925: result: yes
configure:5929: checking sys/wait.h presence
configure:5939: gcc -E  conftest.c
configure:5945: $? = 0
configure:5965: result: yes
configure:6000: checking for sys/wait.h
configure:6007: result: yes
configure:6032: checking dlfcn.h usability
configure:6044: gcc -c  -pipe  conftest.c >&5
configure:6050: $? = 0
configure:6054: test -z 
			 || test ! -s conftest.err
configure:6057: $? = 0
configure:6060: test -s conftest.o
configure:6063: $? = 0
configure:6073: result: yes
configure:6077: checking dlfcn.h presence
configure:6087: gcc -E  conftest.c
configure:6093: $? = 0
configure:6113: result: yes
configure:6148: checking for dlfcn.h
configure:6155: result: yes
configure:6186: checking sys/param.h usability
configure:6198: gcc -c  -pipe  conftest.c >&5
configure:6204: $? = 0
configure:6208: test -z 
			 || test ! -s conftest.err
configure:6211: $? = 0
configure:6214: test -s conftest.o
configure:6217: $? = 0
configure:6227: result: yes
configure:6231: checking sys/param.h presence
configure:6241: gcc -E  conftest.c
configure:6247: $? = 0
configure:6267: result: yes
configure:6302: checking for sys/param.h
configure:6309: result: yes
configure:6380: checking for Tcl private include files
configure:6428: result: Using srcdir found in tclConfig.sh: /usr/lib/tcl8.4/include
configure:6432: checking for Tk private include files
configure:6485: result: Using srcdir found in tkConfig.sh: /usr/lib/tk8.4/include
configure:6537: checking for pthread_mutex_init in -lpthread
configure:6567: gcc -o conftest  -pipe   conftest.c -lpthread   >&5
configure:6573: $? = 0
configure:6577: test -z 
			 || test ! -s conftest.err
configure:6580: $? = 0
configure:6583: test -s conftest
configure:6586: $? = 0
configure:6599: result: yes
configure:6920: checking for building with threads
configure:6928: result: yes (default)
configure:6963: checking how to build libraries
configure:6981: result: shared
configure:7001: checking if 64bit support is requested
configure:7010: result: no
configure:7015: checking if 64bit Sparc VIS support is requested
configure:7024: result: no
configure:7035: checking if compiler supports visibility "hidden"
configure:7060: gcc -o conftest  -pipe -Werror   conftest.c  >&5
configure:7066: $? = 0
configure:7070: test -z 
			 || test ! -s conftest.err
configure:7073: $? = 0
configure:7076: test -s conftest
configure:7079: $? = 0
configure:7092: result: yes
configure:7107: checking if rpath support is requested
configure:7116: result: yes
configure:7142: checking system version
configure:7173: result: Linux-2.6.27-gentoo-r8
configure:7181: checking for dlopen in -ldl
configure:7211: gcc -o conftest  -pipe   conftest.c -ldl   >&5
configure:7217: $? = 0
configure:7221: test -z 
			 || test ! -s conftest.err
configure:7224: $? = 0
configure:7227: test -s conftest
configure:7230: $? = 0
configure:7243: result: yes
configure:7289: checking for ar
configure:7305: found /usr/bin/ar
configure:7315: result: ar
configure:9462: checking for required early compiler flags
configure:9485: gcc -c  -pipe  conftest.c >&5
configure:9491: $? = 0
configure:9495: test -z 
			 || test ! -s conftest.err
configure:9498: $? = 0
configure:9501: test -s conftest.o
configure:9504: $? = 0
configure:9590: gcc -c  -pipe  conftest.c >&5
conftest.c: In function 'main':
conftest.c:30: error: storage size of 'buf' isn't known
configure:9596: $? = 1
configure: failed program was:
| /* confdefs.h.  */
| 
| #define PACKAGE_NAME "tile"
| #define PACKAGE_TARNAME "tile"
| #define PACKAGE_VERSION "0.8.2"
| #define PACKAGE_STRING "tile 0.8.2"
| #define PACKAGE_BUGREPORT ""
| #define STDC_HEADERS 1
| #define HAVE_SYS_TYPES_H 1
| #define HAVE_SYS_STAT_H 1
| #define HAVE_STDLIB_H 1
| #define HAVE_STRING_H 1
| #define HAVE_MEMORY_H 1
| #define HAVE_STRINGS_H 1
| #define HAVE_INTTYPES_H 1
| #define HAVE_STDINT_H 1
| #define HAVE_UNISTD_H 1
| #define HAVE_LIMITS_H 1
| #define HAVE_SYS_PARAM_H 1
| #define USE_THREAD_ALLOC 1
| #define _REENTRANT 1
| #define _THREAD_SAFE 1
| #define TCL_THREADS 1
| #define MODULE_SCOPE extern __attribute__((__visibility__("hidden")))
| /* end confdefs.h.  */
| #include <sys/stat.h>
| int
| main ()
| {
| struct stat64 buf; int i = stat64("/", &buf);
|   ;
|   return 0;
| }
configure:9633: gcc -c  -pipe  conftest.c >&5
configure:9639: $? = 0
configure:9643: test -z 
			 || test ! -s conftest.err
configure:9646: $? = 0
configure:9649: test -s conftest.o
configure:9652: $? = 0
configure:9695: gcc -c  -pipe  conftest.c >&5
conftest.c: In function 'main':
conftest.c:31: error: 'open64' undeclared (first use in this function)
conftest.c:31: error: (Each undeclared identifier is reported only once
conftest.c:31: error: for each function it appears in.)
configure:9701: $? = 1
configure: failed program was:
| /* confdefs.h.  */
| 
| #define PACKAGE_NAME "tile"
| #define PACKAGE_TARNAME "tile"
| #define PACKAGE_VERSION "0.8.2"
| #define PACKAGE_STRING "tile 0.8.2"
| #define PACKAGE_BUGREPORT ""
| #define STDC_HEADERS 1
| #define HAVE_SYS_TYPES_H 1
| #define HAVE_SYS_STAT_H 1
| #define HAVE_STDLIB_H 1
| #define HAVE_STRING_H 1
| #define HAVE_MEMORY_H 1
| #define HAVE_STRINGS_H 1
| #define HAVE_INTTYPES_H 1
| #define HAVE_STDINT_H 1
| #define HAVE_UNISTD_H 1
| #define HAVE_LIMITS_H 1
| #define HAVE_SYS_PARAM_H 1
| #define USE_THREAD_ALLOC 1
| #define _REENTRANT 1
| #define _THREAD_SAFE 1
| #define TCL_THREADS 1
| #define MODULE_SCOPE extern __attribute__((__visibility__("hidden")))
| #define _LARGEFILE64_SOURCE 1
| /* end confdefs.h.  */
| #include <sys/stat.h>
| int
| main ()
| {
| char *p = (char *)open64;
|   ;
|   return 0;
| }
configure:9738: gcc -c  -pipe  conftest.c >&5
conftest.c: In function 'main':
conftest.c:32: error: 'open64' undeclared (first use in this function)
conftest.c:32: error: (Each undeclared identifier is reported only once
conftest.c:32: error: for each function it appears in.)
configure:9744: $? = 1
configure: failed program was:
| /* confdefs.h.  */
| 
| #define PACKAGE_NAME "tile"
| #define PACKAGE_TARNAME "tile"
| #define PACKAGE_VERSION "0.8.2"
| #define PACKAGE_STRING "tile 0.8.2"
| #define PACKAGE_BUGREPORT ""
| #define STDC_HEADERS 1
| #define HAVE_SYS_TYPES_H 1
| #define HAVE_SYS_STAT_H 1
| #define HAVE_STDLIB_H 1
| #define HAVE_STRING_H 1
| #define HAVE_MEMORY_H 1
| #define HAVE_STRINGS_H 1
| #define HAVE_INTTYPES_H 1
| #define HAVE_STDINT_H 1
| #define HAVE_UNISTD_H 1
| #define HAVE_LIMITS_H 1
| #define HAVE_SYS_PARAM_H 1
| #define USE_THREAD_ALLOC 1
| #define _REENTRANT 1
| #define _THREAD_SAFE 1
| #define TCL_THREADS 1
| #define MODULE_SCOPE extern __attribute__((__visibility__("hidden")))
| #define _LARGEFILE64_SOURCE 1
| /* end confdefs.h.  */
| #define _LARGEFILE_SOURCE64 1
| #include <sys/stat.h>
| int
| main ()
| {
| char *p = (char *)open64;
|   ;
|   return 0;
| }
configure:9784: result:  _LARGEFILE64_SOURCE
configure:9789: checking for 64-bit integer type
configure:9813: gcc -c  -pipe  conftest.c >&5
conftest.c: In function 'main':
conftest.c:31: error: '__int64' undeclared (first use in this function)
conftest.c:31: error: (Each undeclared identifier is reported only once
conftest.c:31: error: for each function it appears in.)
conftest.c:31: error: expected ';' before 'value'
configure:9819: $? = 1
configure: failed program was:
| /* confdefs.h.  */
| 
| #define PACKAGE_NAME "tile"
| #define PACKAGE_TARNAME "tile"
| #define PACKAGE_VERSION "0.8.2"
| #define PACKAGE_STRING "tile 0.8.2"
| #define PACKAGE_BUGREPORT ""
| #define STDC_HEADERS 1
| #define HAVE_SYS_TYPES_H 1
| #define HAVE_SYS_STAT_H 1
| #define HAVE_STDLIB_H 1
| #define HAVE_STRING_H 1
| #define HAVE_MEMORY_H 1
| #define HAVE_STRINGS_H 1
| #define HAVE_INTTYPES_H 1
| #define HAVE_STDINT_H 1
| #define HAVE_UNISTD_H 1
| #define HAVE_LIMITS_H 1
| #define HAVE_SYS_PARAM_H 1
| #define USE_THREAD_ALLOC 1
| #define _REENTRANT 1
| #define _THREAD_SAFE 1
| #define TCL_THREADS 1
| #define MODULE_SCOPE extern __attribute__((__visibility__("hidden")))
| #define _LARGEFILE64_SOURCE 1
| /* end confdefs.h.  */
| 
| int
| main ()
| {
| __int64 value = (__int64) 0;
|   ;
|   return 0;
| }
configure:9863: gcc -c  -pipe  conftest.c >&5
configure:9869: $? = 0
configure:9873: test -z 
			 || test ! -s conftest.err
configure:9876: $? = 0
configure:9879: test -s conftest.o
configure:9882: $? = 0
configure:9913: result: long long
configure:9917: checking for struct dirent64
configure:9940: gcc -c  -pipe  conftest.c >&5
conftest.c:29:24: error: sys/dirent.h: No such file or directory
conftest.c: In function 'main':
conftest.c:33: error: storage size of 'p' isn't known
configure:9946: $? = 1
configure: failed program was:
| /* confdefs.h.  */
| 
| #define PACKAGE_NAME "tile"
| #define PACKAGE_TARNAME "tile"
| #define PACKAGE_VERSION "0.8.2"
| #define PACKAGE_STRING "tile 0.8.2"
| #define PACKAGE_BUGREPORT ""
| #define STDC_HEADERS 1
| #define HAVE_SYS_TYPES_H 1
| #define HAVE_SYS_STAT_H 1
| #define HAVE_STDLIB_H 1
| #define HAVE_STRING_H 1
| #define HAVE_MEMORY_H 1
| #define HAVE_STRINGS_H 1
| #define HAVE_INTTYPES_H 1
| #define HAVE_STDINT_H 1
| #define HAVE_UNISTD_H 1
| #define HAVE_LIMITS_H 1
| #define HAVE_SYS_PARAM_H 1
| #define USE_THREAD_ALLOC 1
| #define _REENTRANT 1
| #define _THREAD_SAFE 1
| #define TCL_THREADS 1
| #define MODULE_SCOPE extern __attribute__((__visibility__("hidden")))
| #define _LARGEFILE64_SOURCE 1
| #define TCL_WIDE_INT_TYPE long long
| /* end confdefs.h.  */
| #include <sys/types.h>
| #include <sys/dirent.h>
| int
| main ()
| {
| struct dirent64 p;
|   ;
|   return 0;
| }
configure:9970: result: no
configure:9980: checking for struct stat64
configure:10003: gcc -c  -pipe  conftest.c >&5
configure:10009: $? = 0
configure:10013: test -z 
			 || test ! -s conftest.err
configure:10016: $? = 0
configure:10019: test -s conftest.o
configure:10022: $? = 0
configure:10033: result: yes
configure:10048: checking for open64
configure:10105: gcc -o conftest  -pipe   -Wl,--export-dynamic  conftest.c  >&5
configure:10111: $? = 0
configure:10115: test -z 
			 || test ! -s conftest.err
configure:10118: $? = 0
configure:10121: test -s conftest
configure:10124: $? = 0
configure:10136: result: yes
configure:10048: checking for lseek64
configure:10105: gcc -o conftest  -pipe   -Wl,--export-dynamic  conftest.c  >&5
configure:10111: $? = 0
configure:10115: test -z 
			 || test ! -s conftest.err
configure:10118: $? = 0
configure:10121: test -s conftest
configure:10124: $? = 0
configure:10136: result: yes
configure:10146: checking for off64_t
configure:10169: gcc -c  -pipe  conftest.c >&5
configure:10175: $? = 0
configure:10179: test -z 
			 || test ! -s conftest.err
configure:10182: $? = 0
configure:10185: test -s conftest.o
configure:10188: $? = 0
configure:10208: result: yes
configure:10219: checking for build with symbols
configure:10232: result: no
configure:10273: checking if 64bit support is requested
configure:10282: result: no
configure:10287: checking if 64bit Sparc VIS support is requested
configure:10296: result: no
configure:10307: checking if compiler supports visibility "hidden"
configure:10364: result: yes
configure:10379: checking if rpath support is requested
configure:10388: result: yes
configure:10414: checking system version
configure:10445: result: Linux-2.6.27-gentoo-r8
configure:10453: checking for dlopen in -ldl
configure:10515: result: yes
configure:10561: checking for ar
configure:10587: result: ar
configure:12734: checking for required early compiler flags
configure:13056: result:  _LARGEFILE64_SOURCE
configure:13061: checking for 64-bit integer type
configure:13185: result: long long
configure:13189: checking for struct dirent64
configure:13242: result: no
configure:13252: checking for struct stat64
configure:13305: result: yes
configure:13320: checking for open64
configure:13408: result: yes
configure:13320: checking for lseek64
configure:13408: result: yes
configure:13418: checking for off64_t
configure:13480: result: yes
configure:13493: checking for X
configure:13598: gcc -E  conftest.c
configure:13604: $? = 0
configure:13654: gcc -o conftest  -pipe   -Wl,--export-dynamic  -Wl,--export-dynamic  conftest.c -lXt  >&5
configure:13660: $? = 0
configure:13664: test -z 
			 || test ! -s conftest.err
configure:13667: $? = 0
configure:13670: test -s conftest
configure:13673: $? = 0
configure:13723: result: libraries , headers 
configure:13738: gcc -E  conftest.c
conftest.c:39:28: error: X11/XIntrinsic.h: No such file or directory
configure:13744: $? = 1
configure: failed program was:
| /* confdefs.h.  */
| 
| #define PACKAGE_NAME "tile"
| #define PACKAGE_TARNAME "tile"
| #define PACKAGE_VERSION "0.8.2"
| #define PACKAGE_STRING "tile 0.8.2"
| #define PACKAGE_BUGREPORT ""
| #define STDC_HEADERS 1
| #define HAVE_SYS_TYPES_H 1
| #define HAVE_SYS_STAT_H 1
| #define HAVE_STDLIB_H 1
| #define HAVE_STRING_H 1
| #define HAVE_MEMORY_H 1
| #define HAVE_STRINGS_H 1
| #define HAVE_INTTYPES_H 1
| #define HAVE_STDINT_H 1
| #define HAVE_UNISTD_H 1
| #define HAVE_LIMITS_H 1
| #define HAVE_SYS_PARAM_H 1
| #define USE_THREAD_ALLOC 1
| #define _REENTRANT 1
| #define _THREAD_SAFE 1
| #define TCL_THREADS 1
| #define MODULE_SCOPE extern __attribute__((__visibility__("hidden")))
| #define _LARGEFILE64_SOURCE 1
| #define TCL_WIDE_INT_TYPE long long
| #define HAVE_STRUCT_STAT64 1
| #define HAVE_OPEN64 1
| #define HAVE_LSEEK64 1
| #define HAVE_TYPE_OFF64_T 1
| #define MODULE_SCOPE extern __attribute__((__visibility__("hidden")))
| #define _LARGEFILE64_SOURCE 1
| #define TCL_WIDE_INT_TYPE long long
| #define HAVE_STRUCT_STAT64 1
| #define HAVE_OPEN64 1
| #define HAVE_LSEEK64 1
| #define HAVE_TYPE_OFF64_T 1
| /* end confdefs.h.  */
| #include <X11/XIntrinsic.h>
configure:13771: checking for X11 header files
configure:13782: gcc -E  conftest.c
configure:13788: $? = 0
configure:14211: checking for wish
configure:14238: result: /usr/bin/wish8.4
configure:14376: creating ./config.status

## ---------------------- ##
## Running config.status. ##
## ---------------------- ##

This file was extended by tile config.status 0.8.2, which was
generated by GNU Autoconf 2.59.  Invocation command line was

  CONFIG_FILES    = 
  CONFIG_HEADERS  = 
  CONFIG_LINKS    = 
  CONFIG_COMMANDS = 
  $ ./config.status 

on you

config.status:721: creating Makefile

## ---------------- ##
## Cache variables. ##
## ---------------- ##

ac_cv_c_bigendian=no
ac_cv_c_compiler_gnu=yes
ac_cv_c_tclconfig=/usr/lib
ac_cv_c_tkconfig=/usr/lib
ac_cv_env_CC_set=
ac_cv_env_CC_value=
ac_cv_env_CFLAGS_set=
ac_cv_env_CFLAGS_value=
ac_cv_env_CPPFLAGS_set=
ac_cv_env_CPPFLAGS_value=
ac_cv_env_CPP_set=
ac_cv_env_CPP_value=
ac_cv_env_LDFLAGS_set=
ac_cv_env_LDFLAGS_value=
ac_cv_env_build_alias_set=
ac_cv_env_build_alias_value=
ac_cv_env_host_alias_set=
ac_cv_env_host_alias_value=
ac_cv_env_target_alias_set=
ac_cv_env_target_alias_value=
ac_cv_exeext=
ac_cv_func_connect=yes
ac_cv_func_gethostbyname=yes
ac_cv_func_lseek64=yes
ac_cv_func_open64=yes
ac_cv_func_sin=no
ac_cv_have_x='have_x=yes 		ac_x_includes= ac_x_libraries='
ac_cv_header_dlfcn_h=yes
ac_cv_header_errno_h=yes
ac_cv_header_float_h=yes
ac_cv_header_inttypes_h=yes
ac_cv_header_limits_h=yes
ac_cv_header_memory_h=yes
ac_cv_header_net_errno_h=no
ac_cv_header_stdc=yes
ac_cv_header_stdint_h=yes
ac_cv_header_stdlib_h=yes
ac_cv_header_string_h=yes
ac_cv_header_strings_h=yes
ac_cv_header_sys_param_h=yes
ac_cv_header_sys_stat_h=yes
ac_cv_header_sys_types_h=yes
ac_cv_header_sys_wait_h=yes
ac_cv_header_unistd_h=yes
ac_cv_header_values_h=yes
ac_cv_lib_dl_dlopen=yes
ac_cv_lib_ieee_main=yes
ac_cv_lib_inet_main=no
ac_cv_lib_pthread_pthread_mutex_init=yes
ac_cv_objext=o
ac_cv_path_install='/usr/bin/install -c'
ac_cv_prog_AR=ar
ac_cv_prog_CPP='gcc -E'
ac_cv_prog_ac_ct_CC=gcc
ac_cv_prog_ac_ct_RANLIB=ranlib
ac_cv_prog_cc_g=yes
ac_cv_prog_cc_stdc=
ac_cv_prog_egrep='grep -E'
ac_cv_prog_make_make_set=yes
tcl_cv_cc_pipe=yes
tcl_cv_cc_visibility_hidden=yes
tcl_cv_dirent_h=yes
tcl_cv_flag__isoc99_source=no
tcl_cv_flag__largefile64_source=yes
tcl_cv_flag__largefile_source64=no
tcl_cv_struct_dirent64=no
tcl_cv_struct_stat64=yes
tcl_cv_sys_version=Linux-2.6.27-gentoo-r8
tcl_cv_type_64bit='long long'
tcl_cv_type_off64_t=yes

## ----------------- ##
## Output variables. ##
## ----------------- ##

AR='ar'
CC='gcc'
CELIB_DIR=''
CFLAGS=' -pipe ${CFLAGS_DEFAULT} ${CFLAGS_WARNING} ${SHLIB_CFLAGS}  '
CFLAGS_DEBUG='-g'
CFLAGS_DEFAULT='-O2 -fomit-frame-pointer'
CFLAGS_OPTIMIZE='-O2 -fomit-frame-pointer'
CFLAGS_WARNING='-Wall'
CLEANFILES=' pkgIndex.tcl'
CONFIGURE_OUTPUTS='Makefile config.cache config.log config.status'
CPP='gcc -E'
CPPFLAGS=''
CYGPATH='echo'
DEFS='-DPACKAGE_NAME=\"tile\" -DPACKAGE_TARNAME=\"tile\" -DPACKAGE_VERSION=\"0.8.2\" -DPACKAGE_STRING=\"tile\ 0.8.2\" -DPACKAGE_BUGREPORT=\"\" -DSTDC_HEADERS=1 -DHAVE_SYS_TYPES_H=1 -DHAVE_SYS_STAT_H=1 -DHAVE_STDLIB_H=1 -DHAVE_STRING_H=1 -DHAVE_MEMORY_H=1 -DHAVE_STRINGS_H=1 -DHAVE_INTTYPES_H=1 -DHAVE_STDINT_H=1 -DHAVE_UNISTD_H=1 -DHAVE_LIMITS_H=1 -DHAVE_SYS_PARAM_H=1 -DUSE_THREAD_ALLOC=1 -D_REENTRANT=1 -D_THREAD_SAFE=1 -DTCL_THREADS=1 -DMODULE_SCOPE=extern\ __attribute__\(\(__visibility__\(\"hidden\"\)\)\) -D_LARGEFILE64_SOURCE=1 -DTCL_WIDE_INT_TYPE=long\ long -DHAVE_STRUCT_STAT64=1 -DHAVE_OPEN64=1 -DHAVE_LSEEK64=1 -DHAVE_TYPE_OFF64_T=1 -DMODULE_SCOPE=extern\ __attribute__\(\(__visibility__\(\"hidden\"\)\)\) -D_LARGEFILE64_SOURCE=1 -DTCL_WIDE_INT_TYPE=long\ long -DHAVE_STRUCT_STAT64=1 -DHAVE_OPEN64=1 -DHAVE_LSEEK64=1 -DHAVE_TYPE_OFF64_T=1 -DUSE_TCL_STUBS=1 -DUSE_TK_STUBS=1 -DBUILD_tile=1 '
DL_LIBS='-ldl'
ECHO_C=''
ECHO_N='-n'
ECHO_T=''
EGREP='grep -E'
EXEEXT=''
INSTALL_DATA='${INSTALL} -m 644'
INSTALL_PROGRAM='${INSTALL}'
INSTALL_SCRIPT='${INSTALL}'
LDFLAGS=' -Wl,--export-dynamic  -Wl,--export-dynamic '
LDFLAGS_DEFAULT=' -Wl,--export-dynamic '
LD_LIBRARY_PATH_VAR='LD_LIBRARY_PATH'
LIBOBJS=''
LIBS=''
LTLIBOBJS=''
MAKE_LIB='${SHLIB_LD} -o $@ $(PKG_OBJECTS) ${SHLIB_LD_LIBS} '
MAKE_SHARED_LIB='${SHLIB_LD} -o $@ $(PKG_OBJECTS) ${SHLIB_LD_LIBS}'
MAKE_STATIC_LIB='${STLIB_LD} $@ $(PKG_OBJECTS)'
MAKE_STUB_LIB='${STLIB_LD} $@ $(PKG_STUB_OBJECTS)'
MATH_LIBS='-lieee -lm'
OBJEXT='o'
PACKAGE_BUGREPORT=''
PACKAGE_NAME='tile'
PACKAGE_STRING='tile 0.8.2'
PACKAGE_TARNAME='tile'
PACKAGE_VERSION='0.8.2'
PATH_SEPARATOR=':'
PKG_CFLAGS=''
PKG_HEADERS=''
PKG_INCLUDES=' -I. -I"./generic"'
PKG_LIBS=' -lX11'
PKG_LIB_FILE='libtile0.8.2.so'
PKG_OBJECTS=''
PKG_SOURCES=''
PKG_STUB_LIB_FILE='libttkstub.a'
PKG_STUB_OBJECTS=''
PKG_STUB_SOURCES=''
PKG_TCL_SOURCES=''
RANLIB=':'
RANLIB_STUB='ranlib'
SET_MAKE=''
SHARED_BUILD='1'
SHELL='/bin/sh'
SHLIB_CFLAGS='-fPIC'
SHLIB_LD='${CC} -shared ${CFLAGS} ${LDFLAGS_DEFAULT}'
SHLIB_LD_LIBS='${LIBS} -L/usr/lib -ltclstub8.4 -L/usr/lib -ltkstub8.4'
STLIB_LD='${AR} cr'
TCL_BIN_DIR='/usr/lib'
TCL_BMAP_DIR_NATIVE='"/usr/lib/tcl8.4/include/bitmaps"'
TCL_DBGX=''
TCL_DEFS='-DPACKAGE_NAME=\"\" -DPACKAGE_TARNAME=\"\" -DPACKAGE_VERSION=\"\" -DPACKAGE_STRING=\"\" -DPACKAGE_BUGREPORT=\"\" -DSTDC_HEADERS=1 -DHAVE_SYS_TYPES_H=1 -DHAVE_SYS_STAT_H=1 -DHAVE_STDLIB_H=1 -DHAVE_STRING_H=1 -DHAVE_MEMORY_H=1 -DHAVE_STRINGS_H=1 -DHAVE_INTTYPES_H=1 -DHAVE_STDINT_H=1 -DHAVE_UNISTD_H=1 -DHAVE_LIMITS_H=1 -DHAVE_UNISTD_H=1 -DHAVE_SYS_PARAM_H=1 -DUSE_THREAD_ALLOC=1 -D_REENTRANT=1 -D_THREAD_SAFE=1 -DHAVE_PTHREAD_ATTR_SETSTACKSIZE=1 -DHAVE_PTHREAD_ATFORK=1 -DTCL_THREADS=1 -DPEEK_XCLOSEIM=1 -D_LARGEFILE64_SOURCE=1 -DTCL_WIDE_INT_TYPE=long\ long -DHAVE_STRUCT_STAT64=1 -DHAVE_OPEN64=1 -DHAVE_LSEEK64=1 -DHAVE_TYPE_OFF64_T=1 -DHAVE_GETCWD=1 -DHAVE_OPENDIR=1 -DHAVE_STRSTR=1 -DHAVE_STRTOL=1 -DHAVE_STRTOLL=1 -DHAVE_STRTOULL=1 -DHAVE_TMPNAM=1 -DHAVE_WAITPID=1 -DHAVE_GETPWUID_R_5=1 -DHAVE_GETPWUID_R=1 -DHAVE_GETPWNAM_R_5=1 -DHAVE_GETPWNAM_R=1 -DHAVE_GETGRGID_R_5=1 -DHAVE_GETGRGID_R=1 -DHAVE_GETGRNAM_R_5=1 -DHAVE_GETGRNAM_R=1 -DHAVE_GETHOSTBYNAME_R_6=1 -DHAVE_GETHOSTBYNAME_R=1 -DHAVE_GETHOSTBYADDR_R_8=1 -DHAVE_GETHOSTBYADDR_R=1 -DUSE_TERMIOS=1 -DHAVE_SYS_TIME_H=1 -DTIME_WITH_SYS_TIME=1 -DHAVE_STRUCT_TM_TM_ZONE=1 -DHAVE_TM_ZONE=1 -DHAVE_GMTIME_R=1 -DHAVE_LOCALTIME_R=1 -DHAVE_TM_GMTOFF=1 -DHAVE_TIMEZONE_VAR=1 -DHAVE_STRUCT_STAT_ST_BLKSIZE=1 -DHAVE_ST_BLKSIZE=1 -DHAVE_SIGNED_CHAR=1 -DHAVE_LANGINFO=1 -DHAVE_SYS_IOCTL_H=1'
TCL_EXTRA_CFLAGS='-O2 -march=i686 -pipe -pipe '
TCL_GENERIC_DIR_NATIVE='"/usr/lib/tcl8.4/include/generic"'
TCL_INCLUDES='-I"/usr/lib/tcl8.4/include/generic" -I"/usr/lib/tcl8.4/include/unix"'
TCL_LD_FLAGS='-Wl,-O1 -Wl,--export-dynamic'
TCL_LIBS='${DL_LIBS} ${LIBS} ${MATH_LIBS}'
TCL_LIB_FILE='libtcl8.4.so'
TCL_LIB_FLAG='-ltcl8.4'
TCL_LIB_SPEC='-L/usr/lib -ltcl8.4'
TCL_PLATFORM_DIR_NATIVE='"/usr/lib/tcl8.4/include/unix"'
TCL_SHLIB_LD_LIBS='${LIBS}'
TCL_SRC_DIR='/usr/lib/tcl8.4/include'
TCL_STUB_LIB_FILE='libtclstub8.4.a'
TCL_STUB_LIB_FLAG='-ltclstub8.4'
TCL_STUB_LIB_SPEC='-L/usr/lib -ltclstub8.4'
TCL_THREADS='1'
TCL_TOOL_DIR_NATIVE='"/usr/lib/tcl8.4/include/tools"'
TCL_TOP_DIR_NATIVE='"/usr/lib/tcl8.4/include"'
TCL_UNIX_DIR_NATIVE='"/usr/lib/tcl8.4/include/unix"'
TCL_VERSION='8.4'
TCL_WIN_DIR_NATIVE='"/usr/lib/tcl8.4/include/win"'
TK_BIN_DIR='/usr/lib'
TK_GENERIC_DIR_NATIVE='"/usr/lib/tk8.4/include/generic"'
TK_INCLUDES='-I"/usr/lib/tk8.4/include/generic" -I"/usr/lib/tk8.4/include/unix"'
TK_LIBS='-lX11 -ldl  -lpthread -lieee -lm'
TK_LIB_FILE='libtk8.4.so'
TK_LIB_FLAG='-ltk8.4'
TK_LIB_SPEC='-L/usr/lib -ltk8.4'
TK_PLATFORM_DIR_NATIVE='"/usr/lib/tk8.4/include/unix"'
TK_SRC_DIR='/usr/lib/tk8.4/include'
TK_STUB_LIB_FILE='libtkstub8.4.a'
TK_STUB_LIB_FLAG='-ltkstub8.4'
TK_STUB_LIB_SPEC='-L/usr/lib -ltkstub8.4'
TK_TOP_DIR_NATIVE='"/usr/lib/tk8.4/include"'
TK_UNIX_DIR_NATIVE='"/usr/lib/tk8.4/include/unix"'
TK_VERSION='8.4'
TK_WIN_DIR_NATIVE='"/usr/lib/tk8.4/include/win"'
TK_XINCLUDES=''
TK_XLIB_DIR_NATIVE='"/usr/lib/tk8.4/include/xlib"'
WISH_PROG='/usr/bin/wish8.4'
ac_ct_CC='gcc'
ac_ct_RANLIB='ranlib'
bindir='${exec_prefix}/bin'
build_alias=''
datadir='${prefix}/share'
exec_prefix='/usr'
host_alias=''
includedir='${prefix}/include'
infodir='${prefix}/info'
libdir='${exec_prefix}/lib'
libexecdir='${exec_prefix}/libexec'
localstatedir='${prefix}/var'
mandir='${prefix}/man'
oldincludedir='/usr/include'
prefix='/usr'
program_transform_name='s,x,x,'
sbindir='${exec_prefix}/sbin'
sharedstatedir='${prefix}/com'
sysconfdir='${prefix}/etc'
target_alias=''

## ----------- ##
## confdefs.h. ##
## ----------- ##

#define BUILD_tile 1
#define HAVE_INTTYPES_H 1
#define HAVE_LIMITS_H 1
#define HAVE_LSEEK64 1
#define HAVE_LSEEK64 1
#define HAVE_MEMORY_H 1
#define HAVE_OPEN64 1
#define HAVE_OPEN64 1
#define HAVE_STDINT_H 1
#define HAVE_STDLIB_H 1
#define HAVE_STRINGS_H 1
#define HAVE_STRING_H 1
#define HAVE_STRUCT_STAT64 1
#define HAVE_STRUCT_STAT64 1
#define HAVE_SYS_PARAM_H 1
#define HAVE_SYS_STAT_H 1
#define HAVE_SYS_TYPES_H 1
#define HAVE_TYPE_OFF64_T 1
#define HAVE_TYPE_OFF64_T 1
#define HAVE_UNISTD_H 1
#define MODULE_SCOPE extern __attribute__((__visibility__("hidden")))
#define MODULE_SCOPE extern __attribute__((__visibility__("hidden")))
#define PACKAGE_BUGREPORT ""
#define PACKAGE_NAME "tile"
#define PACKAGE_STRING "tile 0.8.2"
#define PACKAGE_TARNAME "tile"
#define PACKAGE_VERSION "0.8.2"
#define STDC_HEADERS 1
#define TCL_THREADS 1
#define TCL_WIDE_INT_TYPE long long
#define TCL_WIDE_INT_TYPE long long
#define USE_TCL_STUBS 1
#define USE_THREAD_ALLOC 1
#define USE_TK_STUBS 1
#define _LARGEFILE64_SOURCE 1
#define _LARGEFILE64_SOURCE 1
#define _REENTRANT 1
#define _THREAD_SAFE 1

configure: exit 0
